<?xml version="1.0" encoding="UTF-8"?>
<!-- Generated by org.testng.reporters.JUnitXMLReporter -->
<testsuite ignored="4" hostname="LAPTOP-MK2JOM2R" failures="0" tests="1" name="Default test" time="0.038" errors="0" timestamp="2025-03-10T23:06:51 IST">
  <testcase classname="com.utility.CountOccurence" name="findDuplicateElements" time="0.01"/>
  <testcase classname="com.utility.CountOccurence" name="countOccurence" time="0.0">
    <ignored/>
  </testcase> <!-- countOccurence -->
  <testcase classname="com.utility.CountOccurence" name="stringLengthWithoutLengthFunction" time="0.0">
    <ignored/>
  </testcase> <!-- stringLengthWithoutLengthFunction -->
  <testcase classname="com.utility.CountOccurence" name="countLettersDigitsSymbols" time="0.0">
    <ignored/>
  </testcase> <!-- countLettersDigitsSymbols -->
  <testcase classname="com.utility.CountOccurence" name="reverseStringUsingHashMap" time="0.0">
    <ignored/>
  </testcase> <!-- reverseStringUsingHashMap -->
</testsuite> <!-- Default test -->
