<?xml version="1.0" encoding="UTF-8"?>
<!-- Generated by org.testng.reporters.JUnitXMLReporter -->
<testsuite ignored="29" hostname="LAPTOP-MK2JOM2R" failures="0" tests="1" name="Default test" time="0.046" errors="0" timestamp="2025-06-10T00:38:12 IST">
  <testcase classname="com.automation.utils.Demo" name="countOccurence" time="0.011"/>
  <testcase classname="com.automation.utils.Demo" name="countDigits" time="0.0">
    <ignored/>
  </testcase> <!-- countDigits -->
  <testcase classname="com.automation.utils.Demo" name="armstrongNumber" time="0.0">
    <ignored/>
  </testcase> <!-- armstrongNumber -->
  <testcase classname="com.automation.utils.Demo" name="descendingArray" time="0.0">
    <ignored/>
  </testcase> <!-- descendingArray -->
  <testcase classname="com.automation.utils.Demo" name="factorial" time="0.0">
    <ignored/>
  </testcase> <!-- factorial -->
  <testcase classname="com.automation.utils.Demo" name="checkString" time="0.0">
    <ignored/>
  </testcase> <!-- checkString -->
  <testcase classname="com.automation.utils.Demo" name="isPrime" time="0.0">
    <ignored/>
  </testcase> <!-- isPrime -->
  <testcase classname="com.automation.utils.Demo" name="checkPalindrome" time="0.0">
    <ignored/>
  </testcase> <!-- checkPalindrome -->
  <testcase classname="com.automation.utils.Demo" name="countLettersDigitsSymbols" time="0.0">
    <ignored/>
  </testcase> <!-- countLettersDigitsSymbols -->
  <testcase classname="com.automation.utils.Demo" name="fibboncci" time="0.0">
    <ignored/>
  </testcase> <!-- fibboncci -->
  <testcase classname="com.automation.utils.Demo" name="reverseStringUsingHashMap" time="0.0">
    <ignored/>
  </testcase> <!-- reverseStringUsingHashMap -->
  <testcase classname="com.automation.utils.Demo" name="reverseString" time="0.0">
    <ignored/>
  </testcase> <!-- reverseString -->
  <testcase classname="com.automation.utils.Demo" name="sortArray" time="0.0">
    <ignored/>
  </testcase> <!-- sortArray -->
  <testcase classname="com.automation.utils.Demo" name="vowelsConsonantCount" time="0.0">
    <ignored/>
  </testcase> <!-- vowelsConsonantCount -->
  <testcase classname="com.automation.utils.Demo" name="secondLargest" time="0.0">
    <ignored/>
  </testcase> <!-- secondLargest -->
  <testcase classname="com.automation.utils.Demo" name="findDuplicateElements" time="0.0">
    <ignored/>
  </testcase> <!-- findDuplicateElements -->
  <testcase classname="com.automation.utils.Demo" name="fibbonacci" time="0.0">
    <ignored/>
  </testcase> <!-- fibbonacci -->
  <testcase classname="com.automation.utils.Demo" name="removeDuplicates" time="0.0">
    <ignored/>
  </testcase> <!-- removeDuplicates -->
  <testcase classname="com.automation.utils.Demo" name="findDuplicates" time="0.0">
    <ignored/>
  </testcase> <!-- findDuplicates -->
  <testcase classname="com.automation.utils.Demo" name="reverseSLString" time="0.0">
    <ignored/>
  </testcase> <!-- reverseSLString -->
  <testcase classname="com.automation.utils.Demo" name="test" time="0.0">
    <ignored/>
  </testcase> <!-- test -->
  <testcase classname="com.automation.utils.Demo" name="sortedMap" time="0.0">
    <ignored/>
  </testcase> <!-- sortedMap -->
  <testcase classname="com.automation.utils.Demo" name="nonRepeatedChar" time="0.0">
    <ignored/>
  </testcase> <!-- nonRepeatedChar -->
  <testcase classname="com.automation.utils.Demo" name="checkAnagram" time="0.0">
    <ignored/>
  </testcase> <!-- checkAnagram -->
  <testcase classname="com.automation.utils.Demo" name="findMostFrequentCharacter" time="0.0">
    <ignored/>
  </testcase> <!-- findMostFrequentCharacter -->
  <testcase classname="com.automation.utils.Demo" name="stringToInt" time="0.0">
    <ignored/>
  </testcase> <!-- stringToInt -->
  <testcase classname="com.automation.utils.Demo" name="countCharacterOccurence" time="0.0">
    <ignored/>
  </testcase> <!-- countCharacterOccurence -->
  <testcase classname="com.automation.utils.Demo" name="stringLengthWithoutLengthFunction" time="0.0">
    <ignored/>
  </testcase> <!-- stringLengthWithoutLengthFunction -->
  <testcase classname="com.automation.utils.Demo" name="mergeArrays" time="0.0">
    <ignored/>
  </testcase> <!-- mergeArrays -->
  <testcase classname="com.automation.utils.Demo" name="removeDuplicatesFromList" time="0.0">
    <ignored/>
  </testcase> <!-- removeDuplicatesFromList -->
</testsuite> <!-- Default test -->
