<?xml version="1.0" encoding="UTF-8"?>
<testsuite xmlns:xsi="http://www.w3.org/2001/XMLSchema-instance" xsi:noNamespaceSchemaLocation="https://maven.apache.org/surefire/maven-surefire-plugin/xsd/surefire-test-report-3.0.xsd" version="3.0" name="com.automation.RunnerTest" time="18.024" tests="1" errors="0" skipped="0" failures="0">
  <properties>
[...]
</properties>
  <testcase name="runScenario[&quot;Login to swaglaps application&quot;, &quot;Automate the following workflows using the Page Object Model (POM) in the swaglabs web application.&quot;](1)" classname="com.automation.RunnerTest" time="17.196">
    <system-out><![CDATA[
Scenario: Login to swaglaps application                                     # src/test/resources/features/HRM.feature:3
  Given user is on the swagLaps application                                 # com.stepDefinitions.SwagLapsLoginSteps.user_is_on_the_swag_laps_application()
Taking screenshot...
Generated Test Name: test_1749487039435
  When user enters the username "standard_user" amd password "secret_sauce" # com.stepDefinitions.SwagLapsLoginSteps.user_enters_the_username_amd_password(java.lang.String,java.lang.String)
Taking screenshot...
Generated Test Name: test_1749487041691
  And user clicks on login button                                           # com.stepDefinitions.SwagLapsLoginSteps.user_clicks_on_login_button()
Taking screenshot...
Generated Test Name: test_1749487052385
  Then verfiy the login activity                                            # com.stepDefinitions.SwagLapsLoginSteps.verfiy_the_login_activity()
Taking screenshot...
Generated Test Name: test_1749487052737
Adding product: Sauce Labs Backpack
Adding product: Sauce Labs Bolt T-Shirt
Adding product: Sauce Labs Fleece Jacket
  And add the products in the cart                                          # com.stepDefinitions.SwagLapsLoginSteps.add_the_products_in_the_cart(io.cucumber.datatable.DataTable)
    | Product Name             |
    | Sauce Labs Backpack      |
    | Sauce Labs Bolt T-Shirt  |
    | Sauce Labs Fleece Jacket |
Taking screenshot...
Generated Test Name: test_1749487053392
]]></system-out>
    <system-err><![CDATA[SLF4J: Failed to load class "org.slf4j.impl.StaticLoggerBinder".
SLF4J: Defaulting to no-operation (NOP) logger implementation
SLF4J: See http://www.slf4j.org/codes.html#StaticLoggerBinder for further details.
Jun 09, 2025 10:07:17 PM org.openqa.selenium.devtools.CdpVersionFinder findNearestMatch
WARNING: Unable to find an exact match for CDP version 137, returning the closest version; found: 135; Please update to a Selenium version that supports CDP version 137
]]></system-err>
  </testcase>
</testsuite>