<?xml version="1.0" encoding="UTF-8"?>
<testng-results ignored="0" total="1" passed="1" failed="0" skipped="0">
  <reporter-output>
  </reporter-output>
  <suite started-at="2025-06-09T22:07:15 IST" name="Surefire suite" finished-at="2025-06-09T22:07:33 IST" duration-ms="17700">
    <groups>
      <group name="cucumber">
        <method signature="AbstractTestNGCucumberTests.runScenario(io.cucumber.testng.PickleWrapper,io.cucumber.testng.FeatureWrapper)[pri:0, instance:com.automation.RunnerTest@647e447]" name="runScenario" class="io.cucumber.testng.AbstractTestNGCucumberTests"/>
      </group> <!-- cucumber -->
    </groups>
    <test started-at="2025-06-09T22:07:15 IST" name="Surefire test" finished-at="2025-06-09T22:07:33 IST" duration-ms="17700">
      <class name="com.automation.RunnerTest">
        <test-method is-config="true" signature="setUpClass(org.testng.ITestContext)[pri:0, instance:com.automation.RunnerTest@647e447]" started-at="2025-06-09T22:07:15 IST" name="setUpClass" finished-at="2025-06-09T22:07:16 IST" duration-ms="420" status="PASS">
          <params>
            <param index="0">
              <value>
                <![CDATA[org.testng.TestRunner@2f236de0]]>
              </value>
            </param>
          </params>
          <reporter-output>
          </reporter-output>
        </test-method> <!-- setUpClass -->
        <test-method signature="runScenario(io.cucumber.testng.PickleWrapper,io.cucumber.testng.FeatureWrapper)[pri:0, instance:com.automation.RunnerTest@647e447]" started-at="2025-06-09T22:07:16 IST" name="runScenario" description="Runs Cucumber Scenarios" data-provider="scenarios" finished-at="2025-06-09T22:07:33 IST" duration-ms="17193" status="PASS">
          <params>
            <param index="0">
              <value>
                <![CDATA["Login to swaglaps application"]]>
              </value>
            </param>
            <param index="1">
              <value>
                <![CDATA["Automate the following workflows using the Page Object Model (POM) in the swaglabs web application."]]>
              </value>
            </param>
          </params>
          <reporter-output>
          </reporter-output>
        </test-method> <!-- runScenario -->
        <test-method is-config="true" signature="tearDownClass()[pri:0, instance:com.automation.RunnerTest@647e447]" started-at="2025-06-09T22:07:33 IST" name="tearDownClass" finished-at="2025-06-09T22:07:33 IST" duration-ms="58" status="PASS">
          <reporter-output>
          </reporter-output>
        </test-method> <!-- tearDownClass -->
      </class> <!-- com.automation.RunnerTest -->
    </test> <!-- Surefire test -->
  </suite> <!-- Surefire suite -->
</testng-results>
