<?xml version="1.0" encoding="UTF-8"?>
<testng-results ignored="0" total="1" passed="1" failed="0" skipped="0">
  <reporter-output>
  </reporter-output>
  <suite started-at="2025-04-25T00:19:47 IST" name="Suite" finished-at="2025-04-25T00:20:01 IST" duration-ms="14138">
    <groups>
      <group name="cucumber">
        <method signature="AbstractTestNGCucumberTests.runScenario(io.cucumber.testng.PickleWrapper,io.cucumber.testng.FeatureWrapper)[pri:0, instance:com.automation.RunnerTest@41a2befb]" name="runScenario" class="io.cucumber.testng.AbstractTestNGCucumberTests"/>
      </group> <!-- cucumber -->
    </groups>
    <test started-at="2025-04-25T00:19:47 IST" name="Cucumber Tests" finished-at="2025-04-25T00:20:01 IST" duration-ms="14138">
      <class name="com.automation.RunnerTest">
        <test-method is-config="true" signature="setUpClass(org.testng.ITestContext)[pri:0, instance:com.automation.RunnerTest@41a2befb]" started-at="2025-04-25T00:19:47 IST" name="setUpClass" finished-at="2025-04-25T00:19:47 IST" duration-ms="164" status="PASS">
          <params>
            <param index="0">
              <value>
                <![CDATA[org.testng.TestRunner@7ea08277]]>
              </value>
            </param>
          </params>
          <reporter-output>
          </reporter-output>
        </test-method> <!-- setUpClass -->
        <test-method signature="runScenario(io.cucumber.testng.PickleWrapper,io.cucumber.testng.FeatureWrapper)[pri:0, instance:com.automation.RunnerTest@41a2befb]" started-at="2025-04-25T00:19:47 IST" name="runScenario" description="Runs Cucumber Scenarios" data-provider="scenarios" finished-at="2025-04-25T00:20:01 IST" duration-ms="13929" status="PASS">
          <params>
            <param index="0">
              <value>
                <![CDATA["Successful Login and Logout"]]>
              </value>
            </param>
            <param index="1">
              <value>
                <![CDATA["Login and Logout"]]>
              </value>
            </param>
          </params>
          <reporter-output>
          </reporter-output>
        </test-method> <!-- runScenario -->
        <test-method is-config="true" signature="tearDownClass()[pri:0, instance:com.automation.RunnerTest@41a2befb]" started-at="2025-04-25T00:20:01 IST" name="tearDownClass" finished-at="2025-04-25T00:20:01 IST" duration-ms="11" status="PASS">
          <reporter-output>
          </reporter-output>
        </test-method> <!-- tearDownClass -->
      </class> <!-- com.automation.RunnerTest -->
    </test> <!-- Cucumber Tests -->
  </suite> <!-- Suite -->
</testng-results>
