<?xml version="1.0" encoding="UTF-8"?>
<testng-results ignored="29" total="30" passed="1" failed="0" skipped="0">
  <reporter-output>
  </reporter-output>
  <suite started-at="2025-05-31T01:33:52 IST" name="Default suite" finished-at="2025-05-31T01:33:52 IST" duration-ms="41">
    <groups>
    </groups>
    <test started-at="2025-05-31T01:33:52 IST" name="Default test" finished-at="2025-05-31T01:33:52 IST" duration-ms="41">
      <class name="com.utility.Demo">
        <test-method signature="findDuplicateElements()[pri:0, instance:com.utility.Demo@302552ec]" started-at="2025-05-31T01:33:52 IST" name="findDuplicateElements" finished-at="2025-05-31T01:33:52 IST" duration-ms="10" status="PASS">
          <reporter-output>
          </reporter-output>
        </test-method> <!-- findDuplicateElements -->
      </class> <!-- com.utility.Demo -->
    </test> <!-- Default test -->
  </suite> <!-- Default suite -->
</testng-results>
