<?xml version="1.0" encoding="UTF-8"?>
<testng-results ignored="0" total="1" passed="1" failed="0" skipped="0">
  <reporter-output>
  </reporter-output>
  <suite started-at="2025-06-10T00:38:12 IST" name="Default suite" finished-at="2025-06-10T00:38:12 IST" duration-ms="46">
    <groups>
    </groups>
    <test started-at="2025-06-10T00:38:12 IST" name="Default test" finished-at="2025-06-10T00:38:12 IST" duration-ms="46">
      <class name="com.automation.utils.Demo">
        <test-method signature="countOccurence()[pri:0, instance:com.automation.utils.Demo@752325ad]" started-at="2025-06-10T00:38:12 IST" name="countOccurence" finished-at="2025-06-10T00:38:12 IST" duration-ms="11" status="PASS">
          <reporter-output>
          </reporter-output>
        </test-method> <!-- countOccurence -->
      </class> <!-- com.automation.utils.Demo -->
    </test> <!-- Default test -->
  </suite> <!-- Default suite -->
</testng-results>
